<?xml version="1.0" encoding="UTF-8"?>
<!-- Generated by org.testng.reporters.JUnitReportReporter -->
<testsuite skipped="0" hostname="DESKTOP-0CCPETD" name="com.crm.sample.practice.sampleClass" tests="2" failures="0" timestamp="2022-07-15T15:17:35 IST" time="0.016" errors="0">
  <testcase name="sample1" time="0.013" classname="com.crm.sample.practice.sampleClass"/>
  <system-out/>
  <testcase name="sample2" time="0.003" classname="com.crm.sample.practice.sampleClass"/>
  <system-out/>
</testsuite> <!-- com.crm.sample.practice.sampleClass -->
