<?xml version="1.0" encoding="UTF-8"?>
<!-- Generated by org.testng.reporters.JUnitReportReporter -->
<testsuite hostname="DESKTOP-0CCPETD" failures="0" tests="2" name="com.crm.sample.SampleTest.Sample_CampaignTest" time="57.314" errors="0" timestamp="2022-07-13T15:49:02 IST" skipped="0">
  <testcase classname="com.crm.sample.SampleTest.Sample_CampaignTest" name="createCampaignWithMandatoryFieldTest" time="27.901"/>
  <system-out/>
  <testcase classname="com.crm.sample.SampleTest.Sample_CampaignTest" name="CreateCampaignWithProductTest" time="29.413"/>
  <system-out/>
</testsuite> <!-- com.crm.sample.SampleTest.Sample_CampaignTest -->
