<?xml version="1.0" encoding="UTF-8"?>
<!-- Generated by org.testng.reporters.JUnitReportReporter -->
<testsuite hostname="DESKTOP-0CCPETD" failures="0" tests="2" name="com.crm.sample.SampleTest.Sample_ContactTest" time="60.591" errors="0" timestamp="2022-07-13T15:49:02 IST" skipped="0">
  <testcase classname="com.crm.sample.SampleTest.Sample_ContactTest" name="CreateContactWithMandatory" time="26.811"/>
  <system-out/>
  <testcase classname="com.crm.sample.SampleTest.Sample_ContactTest" name="CreateContactWithOrganizationTest" time="33.780"/>
  <system-out/>
</testsuite> <!-- com.crm.sample.SampleTest.Sample_ContactTest -->
